<?xml version="1.0" encoding="UTF-8"?>
<!-- Generated by org.testng.reporters.JUnitReportReporter -->
<testsuite hostname="DESKTOP-5J6637N" failures="0" tests="1" name="testCases.TC_001_AccountRegistrationTest" time="6.984" errors="0" timestamp="2023-07-14T12:57:41 IST" skipped="0">
  <testcase classname="testCases.TC_001_AccountRegistrationTest" name="test_Account_Registration" time="6.984"/>
  <system-out/>
</testsuite> <!-- testCases.TC_001_AccountRegistrationTest -->
