<?xml version="1.0" encoding="UTF-8"?>
<!-- Generated by org.testng.reporters.JUnitReportReporter -->
<testsuite hostname="DESKTOP-5J6637N" failures="0" tests="5" name="testCases.TC_003_LoginDataDrivenTest" time="44.395" errors="0" timestamp="2023-07-15T11:10:45 IST" skipped="0">
  <testcase classname="testCases.TC_003_LoginDataDrivenTest" name="testLogin" time="10.635"/>
  <testcase classname="testCases.TC_003_LoginDataDrivenTest" name="testLogin" time="1.214"/>
  <testcase classname="testCases.TC_003_LoginDataDrivenTest" name="testLogin" time="10.670"/>
  <testcase classname="testCases.TC_003_LoginDataDrivenTest" name="testLogin" time="11.177"/>
  <testcase classname="testCases.TC_003_LoginDataDrivenTest" name="testLogin" time="10.699"/>
</testsuite> <!-- testCases.TC_003_LoginDataDrivenTest -->
