<?xml version="1.0" encoding="UTF-8"?>
<!-- Generated by org.testng.reporters.JUnitReportReporter -->
<testsuite hostname="DESKTOP-5J6637N" failures="0" tests="1" name="testCases.TC_001_AccountRegistrationTest" time="3.698" errors="0" timestamp="2023-07-15T11:28:13 IST" skipped="0">
  <testcase classname="testCases.TC_001_AccountRegistrationTest" name="test_Account_Registration" time="3.698"/>
</testsuite> <!-- testCases.TC_001_AccountRegistrationTest -->
