<?xml version="1.0" encoding="UTF-8"?>
<!-- Generated by org.testng.reporters.JUnitReportReporter -->
<testsuite hostname="DESKTOP-5J6637N" failures="0" tests="1" name="testCases.TC_002_LoginTest" time="1.196" errors="0" timestamp="2023-07-15T11:28:13 IST" skipped="0">
  <testcase classname="testCases.TC_002_LoginTest" name="testlogin" time="1.196"/>
</testsuite> <!-- testCases.TC_002_LoginTest -->
